0 info it worked if it ends with ok
1 verbose cli [ 'node', '/usr/local/bin/npm', 'start' ]
<<<<<<< HEAD
2 info using npm@3.3.4
3 info using node@v0.12.7
4 verbose run-script [ 'prestart', 'start', 'poststart' ]
5 info lifecycle survivor-fantasy-league@0.0.1~prestart: survivor-fantasy-league@0.0.1
6 silly lifecycle survivor-fantasy-league@0.0.1~prestart: no script for prestart, continuing
7 info lifecycle survivor-fantasy-league@0.0.1~start: survivor-fantasy-league@0.0.1
8 verbose lifecycle survivor-fantasy-league@0.0.1~start: unsafe-perm in lifecycle true
9 verbose lifecycle survivor-fantasy-league@0.0.1~start: PATH: /usr/local/lib/node_modules/npm/bin/node-gyp-bin:/Users/rocky_2/Documents/survivor-fantasy-league/node_modules/.bin:/Library/Frameworks/Python.framework/Versions/2.7/bin:/usr/local/bin:/usr/bin:/bin:/usr/sbin:/sbin:/opt/X11/bin:/usr/texbin:/Users/rocky_2/Development/adt-bundle-mac-x86_64-20140321/sdk/platform-tools
10 verbose lifecycle survivor-fantasy-league@0.0.1~start: CWD: /Users/rocky_2/Documents/survivor-fantasy-league
11 silly lifecycle survivor-fantasy-league@0.0.1~start: Args: [ '-c', 'node --harmony ./bin/www' ]
12 silly lifecycle survivor-fantasy-league@0.0.1~start: Returned: code: 1  signal: null
13 info lifecycle survivor-fantasy-league@0.0.1~start: Failed to exec start script
14 verbose stack Error: survivor-fantasy-league@0.0.1 start: `node --harmony ./bin/www`
14 verbose stack Exit status 1
14 verbose stack     at EventEmitter.<anonymous> (/usr/local/lib/node_modules/npm/lib/utils/lifecycle.js:233:16)
14 verbose stack     at EventEmitter.emit (events.js:110:17)
14 verbose stack     at ChildProcess.<anonymous> (/usr/local/lib/node_modules/npm/lib/utils/spawn.js:24:14)
14 verbose stack     at ChildProcess.emit (events.js:110:17)
14 verbose stack     at maybeClose (child_process.js:1015:16)
14 verbose stack     at Process.ChildProcess._handle.onexit (child_process.js:1087:5)
15 verbose pkgid survivor-fantasy-league@0.0.1
16 verbose cwd /Users/rocky_2/Documents/survivor-fantasy-league
17 error Darwin 14.5.0
18 error argv "node" "/usr/local/bin/npm" "start"
19 error node v0.12.7
20 error npm  v3.3.4
21 error code ELIFECYCLE
22 error survivor-fantasy-league@0.0.1 start: `node --harmony ./bin/www`
22 error Exit status 1
23 error Failed at the survivor-fantasy-league@0.0.1 start script 'node --harmony ./bin/www'.
23 error This is most likely a problem with the survivor-fantasy-league package,
23 error not with npm itself.
23 error Tell the author that this fails on your system:
23 error     node --harmony ./bin/www
23 error You can get their info via:
23 error     npm owner ls survivor-fantasy-league
23 error There is likely additional logging output above.
24 verbose exit [ 1, true ]
=======
2 info using npm@2.11.3
3 info using node@v0.12.7
4 verbose run-script [ 'prestart', 'start', 'poststart' ]
5 info prestart survivor-fantasy-league@0.0.1
6 info start survivor-fantasy-league@0.0.1
7 verbose unsafe-perm in lifecycle true
8 info survivor-fantasy-league@0.0.1 Failed to exec start script
9 verbose stack Error: survivor-fantasy-league@0.0.1 start: `node --harmony server.js`
9 verbose stack Exit status 1
9 verbose stack     at EventEmitter.<anonymous> (/usr/local/lib/node_modules/npm/lib/utils/lifecycle.js:213:16)
9 verbose stack     at EventEmitter.emit (events.js:110:17)
9 verbose stack     at ChildProcess.<anonymous> (/usr/local/lib/node_modules/npm/lib/utils/spawn.js:24:14)
9 verbose stack     at ChildProcess.emit (events.js:110:17)
9 verbose stack     at maybeClose (child_process.js:1015:16)
9 verbose stack     at Process.ChildProcess._handle.onexit (child_process.js:1087:5)
10 verbose pkgid survivor-fantasy-league@0.0.1
11 verbose cwd /Users/rocky_2/Documents/survivor-fantasy-league
12 error Darwin 14.5.0
13 error argv "node" "/usr/local/bin/npm" "start"
14 error node v0.12.7
15 error npm  v2.11.3
16 error code ELIFECYCLE
17 error survivor-fantasy-league@0.0.1 start: `node --harmony server.js`
17 error Exit status 1
18 error Failed at the survivor-fantasy-league@0.0.1 start script 'node --harmony server.js'.
18 error This is most likely a problem with the survivor-fantasy-league package,
18 error not with npm itself.
18 error Tell the author that this fails on your system:
18 error     node --harmony server.js
18 error You can get their info via:
18 error     npm owner ls survivor-fantasy-league
18 error There is likely additional logging output above.
19 verbose exit [ 1, true ]
>>>>>>> master
